Connecting to database specified by database.yml
Connecting to database specified by database.yml
Connecting to database specified by database.yml
Connecting to database specified by database.yml
Connecting to database specified by database.yml
Connecting to database specified by database.yml
Connecting to database specified by database.yml
Connecting to database specified by database.yml
Connecting to database specified by database.yml
Connecting to database specified by database.yml
Connecting to database specified by database.yml
Connecting to database specified by database.yml
Connecting to database specified by database.yml
Connecting to database specified by database.yml


Started GET "/detect/" for 127.0.0.1 at 2013-06-19 13:58:27 -0700
Processing by ChangeDetectorController#detect_changes as HTML
Completed 200 OK in 1ms (Views: 0.2ms | ActiveRecord: 0.0ms)


Started GET "/detect/?doc1=popopo&doc2=popo" for 127.0.0.1 at 2013-06-19 13:58:37 -0700
Processing by ChangeDetectorController#detect_changes as HTML
  Parameters: {"doc1"=>"popopo", "doc2"=>"popo"}
Completed 200 OK in 0ms (Views: 0.1ms | ActiveRecord: 0.0ms)


Started GET "/detect/?doc1=popopo&doc2=popo" for 127.0.0.1 at 2013-06-19 13:58:43 -0700
Processing by ChangeDetectorController#detect_changes as HTML
  Parameters: {"doc1"=>"popopo", "doc2"=>"popo"}
Completed 200 OK in 0ms (Views: 0.1ms | ActiveRecord: 0.0ms)


Started GET "/detect/?doc1=popopo&doc2=popo" for 127.0.0.1 at 2013-06-19 13:58:50 -0700
Processing by ChangeDetectorController#detect_changes as HTML
  Parameters: {"doc1"=>"popopo", "doc2"=>"popo"}
Completed 200 OK in 0ms (Views: 0.1ms | ActiveRecord: 0.0ms)


Started POST "/detect" for 127.0.0.1 at 2013-06-19 13:59:29 -0700
Processing by ChangeDetectorController#detect_changes as */*
  Parameters: {"doc1"=>"popo", "doc2"=>"lolo"}
Completed 200 OK in 1ms (Views: 0.3ms | ActiveRecord: 0.0ms)


Started POST "/detect" for 127.0.0.1 at 2013-06-19 14:00:04 -0700
Processing by ChangeDetectorController#detect_changes as */*
  Parameters: {"doc1"=>"popo", "doc2"=>"lolo"}
Completed 200 OK in 0ms (Views: 0.1ms | ActiveRecord: 0.0ms)


Started POST "/detect" for 127.0.0.1 at 2013-06-19 14:01:22 -0700
Processing by ChangeDetectorController#detect_changes as */*
  Parameters: {"doc1"=>"popo", "doc2"=>"lolo"}
Completed 200 OK in 2ms (Views: 1.5ms | ActiveRecord: 0.0ms)


Started POST "/detect" for 127.0.0.1 at 2013-06-19 14:02:04 -0700
Processing by ChangeDetectorController#detect_changes as */*
  Parameters: {"doc1"=>"popo", "doc2"=>"popopo"}
Completed 200 OK in 1ms (Views: 0.5ms | ActiveRecord: 0.0ms)


Started GET "/detect/?doc1=popopo&doc2=popo" for 127.0.0.1 at 2013-06-19 14:02:17 -0700
Processing by ChangeDetectorController#detect_changes as HTML
  Parameters: {"doc1"=>"popopo", "doc2"=>"popo"}
Completed 200 OK in 2ms (Views: 0.5ms | ActiveRecord: 0.0ms)


Started GET "/detect/?doc1=popopo&doc2=popo" for 127.0.0.1 at 2013-06-19 14:03:42 -0700
Processing by ChangeDetectorController#detect_changes as HTML
  Parameters: {"doc1"=>"popopo", "doc2"=>"popo"}
Completed 500 Internal Server Error in 50ms

NoMethodError (undefined method `diff' for #<ChangeDetectorController:0x972daa4>):
  app/controllers/change_detector_controller.rb:10:in `detect_changes'


  Rendered /home/ubuntu/.rvm/gems/ruby-2.0.0-p195/gems/actionpack-3.2.13/lib/action_dispatch/middleware/templates/rescues/_trace.erb (8.6ms)
  Rendered /home/ubuntu/.rvm/gems/ruby-2.0.0-p195/gems/actionpack-3.2.13/lib/action_dispatch/middleware/templates/rescues/_request_and_response.erb (11.2ms)
  Rendered /home/ubuntu/.rvm/gems/ruby-2.0.0-p195/gems/actionpack-3.2.13/lib/action_dispatch/middleware/templates/rescues/diagnostics.erb within rescues/layout (148.3ms)


Started GET "/detect/?doc1=popopo&doc2=popo" for 127.0.0.1 at 2013-06-19 14:07:39 -0700
Processing by ChangeDetectorController#detect_changes as HTML
  Parameters: {"doc1"=>"popopo", "doc2"=>"popo"}
Completed 500 Internal Server Error in 290ms

NoMethodError (undefined method `diff' for ChangeDetectorHelper:Module):
  app/controllers/change_detector_controller.rb:10:in `detect_changes'


  Rendered /home/ubuntu/.rvm/gems/ruby-2.0.0-p195/gems/actionpack-3.2.13/lib/action_dispatch/middleware/templates/rescues/_trace.erb (31.5ms)
  Rendered /home/ubuntu/.rvm/gems/ruby-2.0.0-p195/gems/actionpack-3.2.13/lib/action_dispatch/middleware/templates/rescues/_request_and_response.erb (9.8ms)
  Rendered /home/ubuntu/.rvm/gems/ruby-2.0.0-p195/gems/actionpack-3.2.13/lib/action_dispatch/middleware/templates/rescues/diagnostics.erb within rescues/layout (113.9ms)


Started GET "/detect/?doc1=popopo&doc2=popo" for 127.0.0.1 at 2013-06-19 14:07:56 -0700
Processing by ChangeDetectorController#detect_changes as HTML
  Parameters: {"doc1"=>"popopo", "doc2"=>"popo"}
Completed 500 Internal Server Error in 9ms

NoMethodError (undefined method `diff' for ChangeDetectorHelper:Module):
  app/controllers/change_detector_controller.rb:10:in `detect_changes'


  Rendered /home/ubuntu/.rvm/gems/ruby-2.0.0-p195/gems/actionpack-3.2.13/lib/action_dispatch/middleware/templates/rescues/_trace.erb (14.8ms)
  Rendered /home/ubuntu/.rvm/gems/ruby-2.0.0-p195/gems/actionpack-3.2.13/lib/action_dispatch/middleware/templates/rescues/_request_and_response.erb (7.2ms)
  Rendered /home/ubuntu/.rvm/gems/ruby-2.0.0-p195/gems/actionpack-3.2.13/lib/action_dispatch/middleware/templates/rescues/diagnostics.erb within rescues/layout (96.9ms)


Started GET "/detect/?doc1=popopo&doc2=popo" for 127.0.0.1 at 2013-06-19 14:08:07 -0700
Processing by ChangeDetectorController#detect_changes as HTML
  Parameters: {"doc1"=>"popopo", "doc2"=>"popo"}
Completed 500 Internal Server Error in 232ms

NoMethodError (undefined method `diff' for ChangeDetectorHelper:Module):
  app/controllers/change_detector_controller.rb:10:in `detect_changes'


  Rendered /home/ubuntu/.rvm/gems/ruby-2.0.0-p195/gems/actionpack-3.2.13/lib/action_dispatch/middleware/templates/rescues/_trace.erb (20.0ms)
  Rendered /home/ubuntu/.rvm/gems/ruby-2.0.0-p195/gems/actionpack-3.2.13/lib/action_dispatch/middleware/templates/rescues/_request_and_response.erb (14.2ms)
  Rendered /home/ubuntu/.rvm/gems/ruby-2.0.0-p195/gems/actionpack-3.2.13/lib/action_dispatch/middleware/templates/rescues/diagnostics.erb within rescues/layout (128.7ms)


Started GET "/detect/?doc1=popopo&doc2=popo" for 127.0.0.1 at 2013-06-19 14:19:21 -0700

LoadError (cannot load such file -- ChangeDetectorHelper):
  app/controllers/change_detector_controller.rb:1:in `<top (required)>'


  Rendered /home/ubuntu/.rvm/gems/ruby-2.0.0-p195/gems/actionpack-3.2.13/lib/action_dispatch/middleware/templates/rescues/_trace.erb (199.6ms)
  Rendered /home/ubuntu/.rvm/gems/ruby-2.0.0-p195/gems/actionpack-3.2.13/lib/action_dispatch/middleware/templates/rescues/_request_and_response.erb (19.1ms)
  Rendered /home/ubuntu/.rvm/gems/ruby-2.0.0-p195/gems/actionpack-3.2.13/lib/action_dispatch/middleware/templates/rescues/diagnostics.erb within rescues/layout (292.4ms)


Started GET "/detect/?doc1=popopo&doc2=popo" for 127.0.0.1 at 2013-06-19 14:19:26 -0700

LoadError (cannot load such file -- ChangeDetectorHelper):
  app/controllers/change_detector_controller.rb:1:in `<top (required)>'


  Rendered /home/ubuntu/.rvm/gems/ruby-2.0.0-p195/gems/actionpack-3.2.13/lib/action_dispatch/middleware/templates/rescues/_trace.erb (3.7ms)
  Rendered /home/ubuntu/.rvm/gems/ruby-2.0.0-p195/gems/actionpack-3.2.13/lib/action_dispatch/middleware/templates/rescues/_request_and_response.erb (3.2ms)
  Rendered /home/ubuntu/.rvm/gems/ruby-2.0.0-p195/gems/actionpack-3.2.13/lib/action_dispatch/middleware/templates/rescues/diagnostics.erb within rescues/layout (85.6ms)


Started GET "/detect/?doc1=popopo&doc2=popo" for 127.0.0.1 at 2013-06-19 14:20:03 -0700
Processing by ChangeDetectorController#detect_changes as HTML
  Parameters: {"doc1"=>"popopo", "doc2"=>"popo"}
Completed 500 Internal Server Error in 1ms

NoMethodError (undefined method `diff' for ChangeDetectorHelper:Module):
  app/controllers/change_detector_controller.rb:12:in `detect_changes'


  Rendered /home/ubuntu/.rvm/gems/ruby-2.0.0-p195/gems/actionpack-3.2.13/lib/action_dispatch/middleware/templates/rescues/_trace.erb (9.4ms)
  Rendered /home/ubuntu/.rvm/gems/ruby-2.0.0-p195/gems/actionpack-3.2.13/lib/action_dispatch/middleware/templates/rescues/_request_and_response.erb (6.0ms)
  Rendered /home/ubuntu/.rvm/gems/ruby-2.0.0-p195/gems/actionpack-3.2.13/lib/action_dispatch/middleware/templates/rescues/diagnostics.erb within rescues/layout (50.1ms)
Connecting to database specified by database.yml
Connecting to database specified by database.yml


Started POST "/detect/" for 127.0.0.1 at 2013-06-19 18:26:27 -0400
Processing by ChangeDetectorController#detect_changes as */*
Completed 200 OK in 0ms (Views: 0.1ms | ActiveRecord: 0.0ms)
Connecting to database specified by database.yml


Started POST "/detect" for 127.0.0.1 at 2013-06-20 18:07:17 -0400
Processing by ChangeDetectorController#detect as */*
Completed 400 Bad Request in 0ms (Views: 0.1ms | ActiveRecord: 0.0ms)


Started POST "/detect" for 127.0.0.1 at 2013-06-20 18:12:47 -0400
Processing by ChangeDetectorController#detect as */*
  Parameters: {"original"=>"hi"}
Completed 400 Bad Request in 0ms (Views: 0.0ms | ActiveRecord: 0.0ms)


Started GET "/assets/rails.png" for 127.0.0.1 at 2013-06-20 18:13:05 -0400
Served asset /rails.png - 404 Not Found (0ms)

ActionController::RoutingError (No route matches [GET] "/assets/rails.png"):
  actionpack (3.2.13) lib/action_dispatch/middleware/debug_exceptions.rb:21:in `call'
  actionpack (3.2.13) lib/action_dispatch/middleware/show_exceptions.rb:56:in `call'
  railties (3.2.13) lib/rails/rack/logger.rb:32:in `call_app'
  railties (3.2.13) lib/rails/rack/logger.rb:16:in `block in call'
  activesupport (3.2.13) lib/active_support/tagged_logging.rb:22:in `tagged'
  railties (3.2.13) lib/rails/rack/logger.rb:16:in `call'
  actionpack (3.2.13) lib/action_dispatch/middleware/request_id.rb:22:in `call'
  rack (1.4.5) lib/rack/runtime.rb:17:in `call'
  activesupport (3.2.13) lib/active_support/cache/strategy/local_cache.rb:72:in `call'
  rack (1.4.5) lib/rack/lock.rb:15:in `call'
  actionpack (3.2.13) lib/action_dispatch/middleware/static.rb:63:in `call'
  railties (3.2.13) lib/rails/engine.rb:479:in `call'
  railties (3.2.13) lib/rails/application.rb:223:in `call'
  rack (1.4.5) lib/rack/content_length.rb:14:in `call'
  railties (3.2.13) lib/rails/rack/log_tailer.rb:17:in `call'
  rack (1.4.5) lib/rack/handler/webrick.rb:59:in `service'
  /usr/local/rvm/rubies/ruby-1.9.3-p429/lib/ruby/1.9.1/webrick/httpserver.rb:138:in `service'
  /usr/local/rvm/rubies/ruby-1.9.3-p429/lib/ruby/1.9.1/webrick/httpserver.rb:94:in `run'
  /usr/local/rvm/rubies/ruby-1.9.3-p429/lib/ruby/1.9.1/webrick/server.rb:191:in `block in start_thread'


  Rendered /usr/local/rvm/gems/ruby-1.9.3-p429@change-tracker/gems/actionpack-3.2.13/lib/action_dispatch/middleware/templates/rescues/routing_error.erb within rescues/layout (19.6ms)


Started POST "/detect" for 127.0.0.1 at 2013-06-20 18:14:43 -0400
Processing by ChangeDetectorController#detect as */*
  Parameters: {"original"=>"hi"}
Completed 400 Bad Request in 0ms (Views: 0.0ms | ActiveRecord: 0.0ms)


Started POST "/detect" for 127.0.0.1 at 2013-06-20 18:16:02 -0400
Processing by ChangeDetectorController#detect as */*
  Parameters: {"original"=>"hi", "amended"=>"hello"}
Completed 200 OK in 0ms (Views: 0.0ms | ActiveRecord: 0.0ms)


Started POST "/detect" for 127.0.0.1 at 2013-06-20 18:17:12 -0400
Processing by ChangeDetectorController#detect as HTML
  Parameters: {"original"=>"hi", "amended"=>"hello"}
Completed 200 OK in 0ms (Views: 0.0ms | ActiveRecord: 0.0ms)


Started POST "/detect" for 127.0.0.1 at 2013-06-20 18:36:49 -0400
Processing by ChangeDetectorController#detect as */*
  Parameters: {"original"=>"hi", "amended"=>"hello"}
Completed 200 OK in 0ms (Views: 0.1ms | ActiveRecord: 0.0ms)


Started POST "/detect" for 127.0.0.1 at 2013-06-20 18:37:02 -0400
Processing by ChangeDetectorController#detect as */*
Completed 400 Bad Request in 0ms (Views: 0.0ms | ActiveRecord: 0.0ms)
Connecting to database specified by database.yml


Started POST "/detect" for 127.0.0.1 at 2013-06-23 01:21:10 -0400
Processing by ChangeDetectorController#detect as */*
  Parameters: {"original"=>"ugly", "amended"=>"beautiful"}
Completed 200 OK in 0ms (Views: 0.1ms | ActiveRecord: 0.0ms)


Started POST "/detect" for 127.0.0.1 at 2013-06-23 01:22:13 -0400
Processing by ChangeDetectorController#detect as */*
  Parameters: {"wrong"=>nil}
Completed 400 Bad Request in 0ms (Views: 0.0ms | ActiveRecord: 0.0ms)
Connecting to database specified by database.yml


Started POST "/detect" for 127.0.0.1 at 2013-08-01 12:47:44 -0400

LoadError (cannot load such file -- differ/change):
  lib/tasks/differ/lib/differ.rb:1:in `<top (required)>'
  app/helpers/change_detector_helper.rb:1:in `<top (required)>'
  app/controllers/change_detector_controller.rb:1:in `<top (required)>'


  Rendered /usr/local/rvm/gems/ruby-1.9.3-p429@change-tracker/gems/actionpack-3.2.13/lib/action_dispatch/middleware/templates/rescues/_trace.erb (1.2ms)
  Rendered /usr/local/rvm/gems/ruby-1.9.3-p429@change-tracker/gems/actionpack-3.2.13/lib/action_dispatch/middleware/templates/rescues/_request_and_response.erb (14.8ms)
  Rendered /usr/local/rvm/gems/ruby-1.9.3-p429@change-tracker/gems/actionpack-3.2.13/lib/action_dispatch/middleware/templates/rescues/diagnostics.erb within rescues/layout (90.3ms)




Started POST "/detect" for 127.0.0.1 at 2013-08-01 12:50:00 -0400

LoadError (cannot load such file -- differ/change):
  lib/tasks/differ/lib/differ.rb:1:in `<top (required)>'
  app/helpers/change_detector_helper.rb:1:in `<top (required)>'
  app/controllers/change_detector_controller.rb:1:in `<top (required)>'


  Rendered /usr/local/rvm/gems/ruby-1.9.3-p429@change-tracker/gems/actionpack-3.2.13/lib/action_dispatch/middleware/templates/rescues/_trace.erb (1.0ms)
  Rendered /usr/local/rvm/gems/ruby-1.9.3-p429@change-tracker/gems/actionpack-3.2.13/lib/action_dispatch/middleware/templates/rescues/_request_and_response.erb (0.8ms)
  Rendered /usr/local/rvm/gems/ruby-1.9.3-p429@change-tracker/gems/actionpack-3.2.13/lib/action_dispatch/middleware/templates/rescues/diagnostics.erb within rescues/layout (10.6ms)


Started POST "/detect" for 127.0.0.1 at 2013-08-01 12:53:13 -0400
Processing by ChangeDetectorController#detect as */*
  Parameters: {"original"=>"blabla", "amended"=>"bla3bla"}
Completed 200 OK in 0ms (Views: 0.0ms | ActiveRecord: 0.0ms)


Started POST "/detect" for 127.0.0.1 at 2013-08-01 12:54:22 -0400
Processing by ChangeDetectorController#detect as */*
  Parameters: {"original"=>{"ICF_clause"=>"bla", "activity_id"=>1, "assent_clause"=>"teuehdeusttt", "created_at"=>"2013-08-01T16:36:03Z", "id"=>17, "updated_at"=>"2013-08-01T16:47:44Z", "version"=>nil}, "amended"=>{"ICF_clause"=>"bla", "activity_id"=>1, "assent_clause"=>"teuehdeusttt", "created_at"=>"2013-08-01T16:36:03Z", "id"=>17, "updated_at"=>"2013-08-01T16:47:44Z", "version"=>nil}}
Completed 500 Internal Server Error in 0ms

NoMethodError (undefined method `split' for #<ActiveSupport::HashWithIndifferentAccess:0x007fa2ae1c84e8>):
  lib/tasks/differ/lib/differ.rb:13:in `diff'
  lib/tasks/differ/lib/differ.rb:31:in `diff_by_word'
  app/helpers/change_detector_helper.rb:6:in `diff'
  app/controllers/change_detector_controller.rb:14:in `detect'


  Rendered /usr/local/rvm/gems/ruby-1.9.3-p429@change-tracker/gems/actionpack-3.2.13/lib/action_dispatch/middleware/templates/rescues/_trace.erb (1.0ms)
  Rendered /usr/local/rvm/gems/ruby-1.9.3-p429@change-tracker/gems/actionpack-3.2.13/lib/action_dispatch/middleware/templates/rescues/_request_and_response.erb (0.9ms)
  Rendered /usr/local/rvm/gems/ruby-1.9.3-p429@change-tracker/gems/actionpack-3.2.13/lib/action_dispatch/middleware/templates/rescues/diagnostics.erb within rescues/layout (6.4ms)


Started POST "/detect" for 127.0.0.1 at 2013-08-01 12:55:20 -0400
Processing by ChangeDetectorController#detect as */*
  Parameters: {"original"=>{"ICF_clause"=>"bla", "activity_id"=>1, "assent_clause"=>"teuehdeusttt", "created_at"=>"2013-08-01T16:36:03Z", "id"=>17, "updated_at"=>"2013-08-01T16:47:44Z", "version"=>nil}, "amended"=>{"ICF_clause"=>"bla", "activity_id"=>1, "assent_clause"=>"teuehdeusttt", "created_at"=>"2013-08-01T16:36:03Z", "id"=>17, "updated_at"=>"2013-08-01T16:47:44Z", "version"=>nil}}
Completed 500 Internal Server Error in 0ms

NoMethodError (undefined method `split' for #<ActiveSupport::HashWithIndifferentAccess:0x007fa2b208b298>):
  lib/tasks/differ/lib/differ.rb:13:in `diff'
  lib/tasks/differ/lib/differ.rb:31:in `diff_by_word'
  app/helpers/change_detector_helper.rb:6:in `diff'
  app/controllers/change_detector_controller.rb:14:in `detect'


  Rendered /usr/local/rvm/gems/ruby-1.9.3-p429@change-tracker/gems/actionpack-3.2.13/lib/action_dispatch/middleware/templates/rescues/_trace.erb (1.0ms)
  Rendered /usr/local/rvm/gems/ruby-1.9.3-p429@change-tracker/gems/actionpack-3.2.13/lib/action_dispatch/middleware/templates/rescues/_request_and_response.erb (0.8ms)
  Rendered /usr/local/rvm/gems/ruby-1.9.3-p429@change-tracker/gems/actionpack-3.2.13/lib/action_dispatch/middleware/templates/rescues/diagnostics.erb within rescues/layout (6.1ms)


Started POST "/detect" for 127.0.0.1 at 2013-08-01 12:55:51 -0400
Processing by ChangeDetectorController#detect as */*
  Parameters: {"original"=>{"ICF_clause"=>"bla", "activity_id"=>1, "assent_clause"=>"teuehdeusttt", "created_at"=>"2013-08-01T16:36:03Z", "id"=>17, "updated_at"=>"2013-08-01T16:47:44Z", "version"=>nil}, "amended"=>{"ICF_clause"=>"bla", "activity_id"=>1, "assent_clause"=>"teuehdeusttt", "created_at"=>"2013-08-01T16:36:03Z", "id"=>17, "updated_at"=>"2013-08-01T16:47:44Z", "version"=>nil}}
Completed 500 Internal Server Error in 0ms

NoMethodError (undefined method `split' for #<ActiveSupport::HashWithIndifferentAccess:0x007fa2ae0166b8>):
  lib/tasks/differ/lib/differ.rb:13:in `diff'
  lib/tasks/differ/lib/differ.rb:31:in `diff_by_word'
  app/helpers/change_detector_helper.rb:6:in `diff'
  app/controllers/change_detector_controller.rb:14:in `detect'


  Rendered /usr/local/rvm/gems/ruby-1.9.3-p429@change-tracker/gems/actionpack-3.2.13/lib/action_dispatch/middleware/templates/rescues/_trace.erb (1.0ms)
  Rendered /usr/local/rvm/gems/ruby-1.9.3-p429@change-tracker/gems/actionpack-3.2.13/lib/action_dispatch/middleware/templates/rescues/_request_and_response.erb (0.8ms)
  Rendered /usr/local/rvm/gems/ruby-1.9.3-p429@change-tracker/gems/actionpack-3.2.13/lib/action_dispatch/middleware/templates/rescues/diagnostics.erb within rescues/layout (6.3ms)


Started POST "/detect" for 127.0.0.1 at 2013-08-01 12:56:33 -0400
Processing by ChangeDetectorController#detect as */*
  Parameters: {"original"=>{"ICF_clause"=>"bla", "activity_id"=>1, "assent_clause"=>"teuehdeusttthuiadsd", "created_at"=>"2013-08-01T16:36:03Z", "id"=>17, "updated_at"=>"2013-08-01T16:56:33Z", "version"=>nil}, "amended"=>{"ICF_clause"=>"bla", "activity_id"=>1, "assent_clause"=>"teuehdeusttthuiadsd", "created_at"=>"2013-08-01T16:36:03Z", "id"=>17, "updated_at"=>"2013-08-01T16:56:33Z", "version"=>nil}}
Completed 500 Internal Server Error in 0ms

NoMethodError (undefined method `split' for #<ActiveSupport::HashWithIndifferentAccess:0x007fa2ad9055e0>):
  lib/tasks/differ/lib/differ.rb:13:in `diff'
  lib/tasks/differ/lib/differ.rb:31:in `diff_by_word'
  app/helpers/change_detector_helper.rb:6:in `diff'
  app/controllers/change_detector_controller.rb:14:in `detect'


  Rendered /usr/local/rvm/gems/ruby-1.9.3-p429@change-tracker/gems/actionpack-3.2.13/lib/action_dispatch/middleware/templates/rescues/_trace.erb (16.3ms)
  Rendered /usr/local/rvm/gems/ruby-1.9.3-p429@change-tracker/gems/actionpack-3.2.13/lib/action_dispatch/middleware/templates/rescues/_request_and_response.erb (1.0ms)
  Rendered /usr/local/rvm/gems/ruby-1.9.3-p429@change-tracker/gems/actionpack-3.2.13/lib/action_dispatch/middleware/templates/rescues/diagnostics.erb within rescues/layout (22.2ms)


Started POST "/detect" for 127.0.0.1 at 2013-08-01 12:57:45 -0400
Processing by ChangeDetectorController#detect as */*
  Parameters: {"original"=>"#<Description:0x000001028724b0>", "amended"=>"#<Description:0x000001028724b0>"}
Completed 200 OK in 0ms (Views: 0.1ms | ActiveRecord: 0.0ms)


Started POST "/detect" for 127.0.0.1 at 2013-08-01 13:03:59 -0400
Processing by ChangeDetectorController#detect as */*
  Parameters: {"original"=>"new", "amended"=>"new"}
Completed 200 OK in 0ms (Views: 0.1ms | ActiveRecord: 0.0ms)


Started POST "/detect" for 127.0.0.1 at 2013-08-01 13:07:18 -0400
Processing by ChangeDetectorController#detect as */*
  Parameters: {"original"=>"new", "amended"=>"blabla"}
Completed 200 OK in 0ms (Views: 0.0ms | ActiveRecord: 0.0ms)


Started POST "/detect" for 127.0.0.1 at 2013-08-01 13:07:39 -0400
Processing by ChangeDetectorController#detect as */*
  Parameters: {"original"=>"new", "amended"=>"blabla"}
Completed 200 OK in 0ms (Views: 0.0ms | ActiveRecord: 0.0ms)


Started POST "/detect" for 127.0.0.1 at 2013-08-01 13:07:40 -0400
Processing by ChangeDetectorController#detect as */*
  Parameters: {"original"=>"new", "amended"=>"blabla"}
Completed 200 OK in 0ms (Views: 0.0ms | ActiveRecord: 0.0ms)


Started POST "/detect" for 127.0.0.1 at 2013-08-01 13:07:59 -0400
Processing by ChangeDetectorController#detect as */*
  Parameters: {"original"=>"new", "amended"=>"blabla"}
Completed 200 OK in 0ms (Views: 0.0ms | ActiveRecord: 0.0ms)


Started POST "/detect" for 127.0.0.1 at 2013-08-01 13:08:00 -0400
Processing by ChangeDetectorController#detect as */*
  Parameters: {"original"=>"new", "amended"=>"blabla"}
Completed 200 OK in 0ms (Views: 0.0ms | ActiveRecord: 0.0ms)


Started POST "/detect" for 127.0.0.1 at 2013-08-01 13:08:13 -0400
Processing by ChangeDetectorController#detect as */*
  Parameters: {"original"=>"blabla", "amended"=>"blabla"}
Completed 200 OK in 0ms (Views: 0.0ms | ActiveRecord: 0.0ms)


Started POST "/detect" for 127.0.0.1 at 2013-08-01 13:08:22 -0400
Processing by ChangeDetectorController#detect as */*
  Parameters: {"original"=>"blabla", "amended"=>"blabla"}
Completed 200 OK in 0ms (Views: 0.0ms | ActiveRecord: 0.0ms)


Started POST "/detect" for 127.0.0.1 at 2013-08-01 13:08:25 -0400
Processing by ChangeDetectorController#detect as */*
  Parameters: {"original"=>"blabla", "amended"=>"blabla"}
Completed 200 OK in 0ms (Views: 0.0ms | ActiveRecord: 0.0ms)


Started POST "/detect" for 127.0.0.1 at 2013-08-01 13:08:38 -0400
Processing by ChangeDetectorController#detect as */*
  Parameters: {"original"=>"blabla", "amended"=>"oioioi"}
Completed 200 OK in 0ms (Views: 0.0ms | ActiveRecord: 0.0ms)


Started POST "/detect" for 127.0.0.1 at 2013-08-01 13:08:53 -0400
Processing by ChangeDetectorController#detect as */*
  Parameters: {"original"=>"blabla", "amended"=>"oioioi"}
Completed 200 OK in 0ms (Views: 0.0ms | ActiveRecord: 0.0ms)


Started POST "/detect" for 127.0.0.1 at 2013-08-01 13:09:51 -0400
Processing by ChangeDetectorController#detect as */*
  Parameters: {"original"=>"blabla", "amended"=>"oioioi"}
Completed 200 OK in 0ms (Views: 0.0ms | ActiveRecord: 0.0ms)


Started POST "/detect" for 127.0.0.1 at 2013-08-01 13:09:51 -0400
Processing by ChangeDetectorController#detect as */*
  Parameters: {"original"=>"aaaaa", "amended"=>"oioiioi"}
Completed 200 OK in 0ms (Views: 0.0ms | ActiveRecord: 0.0ms)


Started POST "/detect" for 127.0.0.1 at 2013-08-01 13:10:39 -0400
Processing by ChangeDetectorController#detect as */*
  Parameters: {"original"=>"blabla", "amended"=>"oioioi"}
Completed 200 OK in 0ms (Views: 0.0ms | ActiveRecord: 0.0ms)


Started POST "/detect" for 127.0.0.1 at 2013-08-01 13:10:39 -0400
Processing by ChangeDetectorController#detect as */*
  Parameters: {"original"=>"aaaaa", "amended"=>"oioiioi"}
Completed 200 OK in 0ms (Views: 0.0ms | ActiveRecord: 0.0ms)


Started POST "/detect" for 127.0.0.1 at 2013-08-01 13:12:08 -0400
Processing by ChangeDetectorController#detect as */*
  Parameters: {"original"=>"blabla", "amended"=>"oioioi"}
Completed 200 OK in 0ms (Views: 0.0ms | ActiveRecord: 0.0ms)


Started POST "/detect" for 127.0.0.1 at 2013-08-01 13:12:08 -0400
Processing by ChangeDetectorController#detect as */*
  Parameters: {"original"=>"aaaaa", "amended"=>"oioiioi"}
Completed 200 OK in 0ms (Views: 0.0ms | ActiveRecord: 0.0ms)


Started POST "/detect" for 127.0.0.1 at 2013-08-01 13:13:24 -0400
Processing by ChangeDetectorController#detect as */*
  Parameters: {"original"=>"test clause", "amended"=>"testing this"}
Completed 200 OK in 0ms (Views: 0.0ms | ActiveRecord: 0.0ms)


Started POST "/detect" for 127.0.0.1 at 2013-08-01 13:13:24 -0400
Processing by ChangeDetectorController#detect as */*
  Parameters: {"original"=>"some clause", "amended"=>"testing that"}
Completed 200 OK in 0ms (Views: 0.0ms | ActiveRecord: 0.0ms)


Started POST "/detect" for 127.0.0.1 at 2013-08-01 13:56:28 -0400
Processing by ChangeDetectorController#detect as */*
  Parameters: {"original"=>"blabla", "amended"=>"blabla"}
Completed 200 OK in 0ms (Views: 0.1ms | ActiveRecord: 0.0ms)


Started POST "/detect" for 127.0.0.1 at 2013-08-01 13:56:28 -0400
Processing by ChangeDetectorController#detect as */*
  Parameters: {"original"=>"blablabla", "amended"=>"aaaaa"}
Completed 200 OK in 0ms (Views: 0.0ms | ActiveRecord: 0.0ms)


Started POST "/detect" for 127.0.0.1 at 2013-08-01 13:58:08 -0400
Processing by ChangeDetectorController#detect as */*
  Parameters: {"original"=>nil, "amended"=>"This is an X-Ray"}
Completed 400 Bad Request in 0ms (Views: 0.0ms | ActiveRecord: 0.0ms)


Started POST "/detect" for 127.0.0.1 at 2013-08-01 13:58:08 -0400
Processing by ChangeDetectorController#detect as */*
  Parameters: {"original"=>nil, "amended"=>"Another way to describe an X-Ray"}
Completed 400 Bad Request in 0ms (Views: 0.0ms | ActiveRecord: 0.0ms)


Started POST "/detect" for 127.0.0.1 at 2013-08-01 13:58:40 -0400
Processing by ChangeDetectorController#detect as */*
  Parameters: {"original"=>nil, "amended"=>"This X-Ray"}
Completed 400 Bad Request in 0ms (Views: 0.0ms | ActiveRecord: 0.0ms)


Started POST "/detect" for 127.0.0.1 at 2013-08-01 13:58:40 -0400
Processing by ChangeDetectorController#detect as */*
  Parameters: {"original"=>nil, "amended"=>"Another describe an X-Ray"}
Completed 400 Bad Request in 0ms (Views: 0.0ms | ActiveRecord: 0.0ms)


Started POST "/detect" for 127.0.0.1 at 2013-08-01 13:59:09 -0400
Processing by ChangeDetectorController#detect as */*
  Parameters: {"original"=>"This X-Ray", "amended"=>"balbal"}
Completed 200 OK in 0ms (Views: 0.0ms | ActiveRecord: 0.0ms)


Started POST "/detect" for 127.0.0.1 at 2013-08-01 13:59:09 -0400
Processing by ChangeDetectorController#detect as */*
  Parameters: {"original"=>"Another describe an X-Ray", "amended"=>"balbalabla"}
Completed 200 OK in 0ms (Views: 0.0ms | ActiveRecord: 0.0ms)


Started POST "/detect" for 127.0.0.1 at 2013-08-01 13:59:48 -0400
Processing by ChangeDetectorController#detect as */*
  Parameters: {"original"=>"This X-Ray", "amended"=>"old way to describe"}
Completed 200 OK in 0ms (Views: 0.0ms | ActiveRecord: 0.0ms)


Started POST "/detect" for 127.0.0.1 at 2013-08-01 13:59:48 -0400
Processing by ChangeDetectorController#detect as */*
  Parameters: {"original"=>"Another describe an X-Ray", "amended"=>"balbalabla"}
Completed 200 OK in 0ms (Views: 0.0ms | ActiveRecord: 0.0ms)


Started POST "/detect" for 127.0.0.1 at 2013-08-01 14:00:00 -0400
Processing by ChangeDetectorController#detect as */*
  Parameters: {"original"=>"This X-Ray", "amended"=>"new way to describe"}
Completed 200 OK in 0ms (Views: 0.0ms | ActiveRecord: 0.0ms)


Started POST "/detect" for 127.0.0.1 at 2013-08-01 14:00:00 -0400
Processing by ChangeDetectorController#detect as */*
  Parameters: {"original"=>"Another describe an X-Ray", "amended"=>"balbalabla"}
Completed 200 OK in 0ms (Views: 0.0ms | ActiveRecord: 0.0ms)


Started POST "/detect" for 127.0.0.1 at 2013-08-01 14:00:14 -0400
Processing by ChangeDetectorController#detect as */*
  Parameters: {"original"=>"This X-Ray", "amended"=>"old way to describe"}
Completed 200 OK in 0ms (Views: 0.0ms | ActiveRecord: 0.0ms)


Started POST "/detect" for 127.0.0.1 at 2013-08-01 14:00:14 -0400
Processing by ChangeDetectorController#detect as */*
  Parameters: {"original"=>"Another describe an X-Ray", "amended"=>"balbalabla"}
Completed 200 OK in 0ms (Views: 0.0ms | ActiveRecord: 0.0ms)


Started POST "/detect" for 127.0.0.1 at 2013-08-01 14:00:30 -0400
Processing by ChangeDetectorController#detect as */*
  Parameters: {"original"=>"old way to describe", "amended"=>"eeee"}
Completed 200 OK in 0ms (Views: 0.0ms | ActiveRecord: 0.0ms)


Started POST "/detect" for 127.0.0.1 at 2013-08-01 14:00:30 -0400
Processing by ChangeDetectorController#detect as */*
  Parameters: {"original"=>"balbalabla", "amended"=>"eee"}
Completed 200 OK in 0ms (Views: 0.0ms | ActiveRecord: 0.0ms)


Started POST "/detect" for 127.0.0.1 at 2013-08-01 14:00:50 -0400
Processing by ChangeDetectorController#detect as */*
  Parameters: {"original"=>"old way to describe", "amended"=>"aaaaa"}
Completed 200 OK in 0ms (Views: 0.0ms | ActiveRecord: 0.0ms)


Started POST "/detect" for 127.0.0.1 at 2013-08-01 14:00:50 -0400
Processing by ChangeDetectorController#detect as */*
  Parameters: {"original"=>"balbalabla", "amended"=>"aaaaaaaa"}
Completed 200 OK in 0ms (Views: 0.0ms | ActiveRecord: 0.0ms)


Started POST "/detect" for 127.0.0.1 at 2013-08-01 14:01:09 -0400
Processing by ChangeDetectorController#detect as */*
  Parameters: {"original"=>"old way to describe", "amended"=>"bbbb"}
Completed 200 OK in 0ms (Views: 0.0ms | ActiveRecord: 0.0ms)


Started POST "/detect" for 127.0.0.1 at 2013-08-01 14:01:09 -0400
Processing by ChangeDetectorController#detect as */*
  Parameters: {"original"=>"balbalabla", "amended"=>"bbbbbbbbb"}
Completed 200 OK in 0ms (Views: 0.0ms | ActiveRecord: 0.0ms)


Started POST "/detect" for 127.0.0.1 at 2013-08-01 14:04:20 -0400
Processing by ChangeDetectorController#detect as */*
  Parameters: {"original"=>"old way to describe", "amended"=>"bbbb"}
Completed 200 OK in 0ms (Views: 0.0ms | ActiveRecord: 0.0ms)


Started POST "/detect" for 127.0.0.1 at 2013-08-01 14:04:20 -0400
Processing by ChangeDetectorController#detect as */*
  Parameters: {"original"=>"balbalabla", "amended"=>"bbbbbbbbb"}
Completed 200 OK in 0ms (Views: 0.0ms | ActiveRecord: 0.0ms)


Started POST "/detect" for 127.0.0.1 at 2013-08-01 14:04:31 -0400
Processing by ChangeDetectorController#detect as */*
  Parameters: {"original"=>"bbbb", "amended"=>"ccc"}
Completed 200 OK in 0ms (Views: 0.0ms | ActiveRecord: 0.0ms)


Started POST "/detect" for 127.0.0.1 at 2013-08-01 14:04:31 -0400
Processing by ChangeDetectorController#detect as */*
  Parameters: {"original"=>"bbbbbbbbb", "amended"=>"cccc"}
Completed 200 OK in 0ms (Views: 0.0ms | ActiveRecord: 0.0ms)


Started POST "/detect" for 127.0.0.1 at 2013-08-01 14:04:51 -0400
Processing by ChangeDetectorController#detect as */*
  Parameters: {"original"=>"ccc", "amended"=>"An X-Ray is a picture of your body"}
Completed 200 OK in 0ms (Views: 0.0ms | ActiveRecord: 0.0ms)


Started POST "/detect" for 127.0.0.1 at 2013-08-01 14:04:51 -0400
Processing by ChangeDetectorController#detect as */*
  Parameters: {"original"=>"cccc", "amended"=>""}
Completed 200 OK in 0ms (Views: 0.0ms | ActiveRecord: 0.0ms)


Started POST "/detect" for 127.0.0.1 at 2013-08-01 14:05:07 -0400
Processing by ChangeDetectorController#detect as */*
  Parameters: {"original"=>"An X-Ray is a picture of your body", "amended"=>"An X-ray is a photo of your body"}
Completed 200 OK in 0ms (Views: 0.0ms | ActiveRecord: 0.0ms)


Started POST "/detect" for 127.0.0.1 at 2013-08-01 14:05:07 -0400
Processing by ChangeDetectorController#detect as */*
  Parameters: {"original"=>"", "amended"=>""}
Completed 200 OK in 0ms (Views: 0.0ms | ActiveRecord: 0.0ms)
Connecting to database specified by database.yml


Started POST "/detect" for 127.0.0.1 at 2013-08-26 19:24:12 -0400
Processing by ChangeDetectorController#detect as */*
  Parameters: {"original"=>"A radiograph is an X-Ray image obtained by putting an X-Ray detector behind part of the body and then using a machine to deliver an X-Ray pulse. This results in a picture of the body that we commonly refer to as an \"X-Ray\".", "amended"=>"A radiograph is an X-Ray image obtained by putting an X-Ray detector behind part of the body and then using a machine to deliver an X-Ray pulse. This results in a picture of the body that we commonly refer to as an \"X-Ray\". "}
Completed 200 OK in 4ms (Views: 0.3ms | ActiveRecord: 0.0ms)


Started POST "/detect" for 127.0.0.1 at 2013-08-26 19:24:13 -0400
Processing by ChangeDetectorController#detect as */*
  Parameters: {"original"=>"An X-Ray is where we use a special machine to take a picture of the inside of your body, to see things that we can't see just by looking at you.", "amended"=>"An X-Ray is where we use a special machine to take a photo of the inside of your body, so that we can see your bones."}
Completed 200 OK in 2ms (Views: 0.1ms | ActiveRecord: 0.0ms)
Connecting to database specified by database.yml
Connecting to database specified by database.yml
  [1m[36m (0.1ms)[0m  [1mselect sqlite_version(*)[0m
  [1m[35m (1.8ms)[0m  CREATE TABLE "schema_migrations" ("version" varchar(255) NOT NULL) 
  [1m[36m (1.7ms)[0m  [1mCREATE UNIQUE INDEX "unique_schema_migrations" ON "schema_migrations" ("version")[0m
  [1m[35m (3.9ms)[0m  SELECT "schema_migrations"."version" FROM "schema_migrations" 
Migrating to CreateGroups (20130928123035)
  [1m[36m (0.0ms)[0m  [1mbegin transaction[0m
  [1m[35m (0.4ms)[0m  CREATE TABLE "groups" ("id" INTEGER PRIMARY KEY AUTOINCREMENT NOT NULL, "created_at" datetime NOT NULL, "updated_at" datetime NOT NULL) 
  [1m[36m (0.1ms)[0m  [1mINSERT INTO "schema_migrations" ("version") VALUES ('20130928123035')[0m
  [1m[35m (0.9ms)[0m  commit transaction
  [1m[36m (0.1ms)[0m  [1mSELECT "schema_migrations"."version" FROM "schema_migrations" [0m
Connecting to database specified by database.yml
Connecting to database specified by database.yml
Connecting to database specified by database.yml
Connecting to database specified by database.yml
Connecting to database specified by database.yml
Connecting to database specified by database.yml
Connecting to database specified by database.yml
Connecting to database specified by database.yml
Connecting to database specified by database.yml
Connecting to database specified by database.yml
Connecting to database specified by database.yml
  [1m[36m (1.0ms)[0m  [1mSELECT "schema_migrations"."version" FROM "schema_migrations" [0m
Migrating to CreateGroups (20130928123035)
Migrating to CreateUsers (20130928123302)
  [1m[35m (0.0ms)[0m  select sqlite_version(*)
  [1m[36m (0.0ms)[0m  [1mbegin transaction[0m
  [1m[35m (0.4ms)[0m  CREATE TABLE "users" ("id" INTEGER PRIMARY KEY AUTOINCREMENT NOT NULL, "name" varchar(255), "surname" varchar(255), "UID" varchar(255), "group_id" integer, "created_at" datetime NOT NULL, "updated_at" datetime NOT NULL) 
  [1m[36m (0.1ms)[0m  [1mCREATE INDEX "index_users_on_group_id" ON "users" ("group_id")[0m
  [1m[35m (0.1ms)[0m  INSERT INTO "schema_migrations" ("version") VALUES ('20130928123302')
  [1m[36m (3.4ms)[0m  [1mcommit transaction[0m
Migrating to CreateTasks (20130928123351)
  [1m[35m (0.1ms)[0m  begin transaction
  [1m[36m (0.4ms)[0m  [1mCREATE TABLE "tasks" ("id" INTEGER PRIMARY KEY AUTOINCREMENT NOT NULL, "description" varchar(255), "status" varchar(255), "due_date" date, "user_id" integer, "created_at" datetime NOT NULL, "updated_at" datetime NOT NULL) [0m
  [1m[35m (0.2ms)[0m  CREATE INDEX "index_tasks_on_user_id" ON "tasks" ("user_id")
  [1m[36m (0.1ms)[0m  [1mINSERT INTO "schema_migrations" ("version") VALUES ('20130928123351')[0m
  [1m[35m (1.1ms)[0m  commit transaction
Migrating to CreateReviews (20130928123541)
  [1m[36m (0.0ms)[0m  [1mbegin transaction[0m
  [1m[35m (0.3ms)[0m  CREATE TABLE "reviews" ("id" INTEGER PRIMARY KEY AUTOINCREMENT NOT NULL, "outcome" varchar(255), "task_id" integer, "user_id" integer, "created_at" datetime NOT NULL, "updated_at" datetime NOT NULL) 
  [1m[36m (0.1ms)[0m  [1mCREATE INDEX "index_reviews_on_task_id" ON "reviews" ("task_id")[0m
  [1m[35m (0.1ms)[0m  CREATE INDEX "index_reviews_on_user_id" ON "reviews" ("user_id")
  [1m[36m (0.1ms)[0m  [1mINSERT INTO "schema_migrations" ("version") VALUES ('20130928123541')[0m
  [1m[35m (0.6ms)[0m  commit transaction
Migrating to CreateItems (20130928123614)
  [1m[36m (0.4ms)[0m  [1mbegin transaction[0m
  [1m[35m (0.4ms)[0m  CREATE TABLE "items" ("id" INTEGER PRIMARY KEY AUTOINCREMENT NOT NULL, "description" varchar(255), "category" varchar(255), "status" varchar(255), "user_id" integer, "created_at" datetime NOT NULL, "updated_at" datetime NOT NULL) 
  [1m[36m (0.1ms)[0m  [1mCREATE INDEX "index_items_on_user_id" ON "items" ("user_id")[0m
  [1m[35m (0.1ms)[0m  INSERT INTO "schema_migrations" ("version") VALUES ('20130928123614')
  [1m[36m (0.7ms)[0m  [1mcommit transaction[0m
  [1m[35m (0.1ms)[0m  SELECT "schema_migrations"."version" FROM "schema_migrations" 
Connecting to database specified by database.yml
Connecting to database specified by database.yml
Connecting to database specified by database.yml


Started POST "/user" for 127.0.0.1 at 2013-09-28 08:37:24 -0400

ActionController::RoutingError (No route matches [POST] "/user"):
  actionpack (3.2.13) lib/action_dispatch/middleware/debug_exceptions.rb:21:in `call'
  actionpack (3.2.13) lib/action_dispatch/middleware/show_exceptions.rb:56:in `call'
  railties (3.2.13) lib/rails/rack/logger.rb:32:in `call_app'
  railties (3.2.13) lib/rails/rack/logger.rb:16:in `block in call'
  activesupport (3.2.13) lib/active_support/tagged_logging.rb:22:in `tagged'
  railties (3.2.13) lib/rails/rack/logger.rb:16:in `call'
  actionpack (3.2.13) lib/action_dispatch/middleware/request_id.rb:22:in `call'
  rack (1.4.5) lib/rack/runtime.rb:17:in `call'
  activesupport (3.2.13) lib/active_support/cache/strategy/local_cache.rb:72:in `call'
  rack (1.4.5) lib/rack/lock.rb:15:in `call'
  actionpack (3.2.13) lib/action_dispatch/middleware/static.rb:63:in `call'
  railties (3.2.13) lib/rails/engine.rb:479:in `call'
  railties (3.2.13) lib/rails/application.rb:223:in `call'
  rack (1.4.5) lib/rack/content_length.rb:14:in `call'
  railties (3.2.13) lib/rails/rack/log_tailer.rb:17:in `call'
  rack (1.4.5) lib/rack/handler/webrick.rb:59:in `service'
  /usr/local/rvm/rubies/ruby-1.9.3-p429/lib/ruby/1.9.1/webrick/httpserver.rb:138:in `service'
  /usr/local/rvm/rubies/ruby-1.9.3-p429/lib/ruby/1.9.1/webrick/httpserver.rb:94:in `run'
  /usr/local/rvm/rubies/ruby-1.9.3-p429/lib/ruby/1.9.1/webrick/server.rb:191:in `block in start_thread'


  Rendered /usr/local/rvm/gems/ruby-1.9.3-p429@change-tracker/gems/actionpack-3.2.13/lib/action_dispatch/middleware/templates/rescues/routing_error.erb within rescues/layout (2.3ms)


Started POST "/users" for 127.0.0.1 at 2013-09-28 08:37:35 -0400
Processing by UsersController#create as */*
  Parameters: {"user"=>{"name"=>"test", "surname"=>"bla", "UID"=>"sdysg"}}
  [1m[36m (0.0ms)[0m  [1mbegin transaction[0m
  [1m[35mSQL (7.6ms)[0m  INSERT INTO "users" ("UID", "created_at", "group_id", "name", "surname", "updated_at") VALUES (?, ?, ?, ?, ?, ?)  [["UID", "sdysg"], ["created_at", Sat, 28 Sep 2013 12:37:35 UTC +00:00], ["group_id", nil], ["name", "test"], ["surname", "bla"], ["updated_at", Sat, 28 Sep 2013 12:37:35 UTC +00:00]]
  [1m[36m (1.2ms)[0m  [1mcommit transaction[0m
Completed 201 Created in 48ms (Views: 1.3ms | ActiveRecord: 10.8ms)


Started POST "/users" for 127.0.0.1 at 2013-09-28 08:41:48 -0400
Processing by UsersController#create as */*
  Parameters: {"user"=>{"name"=>"test", "surname"=>"bla", "UID"=>"sdysg"}}
  [1m[35m (0.1ms)[0m  begin transaction
  [1m[36mSQL (0.4ms)[0m  [1mINSERT INTO "users" ("UID", "created_at", "group_id", "name", "surname", "updated_at") VALUES (?, ?, ?, ?, ?, ?)[0m  [["UID", "sdysg"], ["created_at", Sat, 28 Sep 2013 12:41:48 UTC +00:00], ["group_id", nil], ["name", "test"], ["surname", "bla"], ["updated_at", Sat, 28 Sep 2013 12:41:48 UTC +00:00]]
  [1m[35m (1.2ms)[0m  commit transaction
Completed 201 Created in 47ms (Views: 1.2ms | ActiveRecord: 2.6ms)


Started POST "/users" for 127.0.0.1 at 2013-09-28 08:43:16 -0400
Processing by UsersController#create as */*
  Parameters: {"user"=>{"name"=>"test", "surname"=>"bla", "UID"=>"sdysg"}}
  [1m[36m (0.0ms)[0m  [1mbegin transaction[0m
  [1m[35mSQL (0.4ms)[0m  INSERT INTO "groups" ("created_at", "updated_at") VALUES (?, ?)  [["created_at", Sat, 28 Sep 2013 12:43:16 UTC +00:00], ["updated_at", Sat, 28 Sep 2013 12:43:16 UTC +00:00]]
  [1m[36mSQL (0.3ms)[0m  [1mINSERT INTO "users" ("UID", "created_at", "group_id", "name", "surname", "updated_at") VALUES (?, ?, ?, ?, ?, ?)[0m  [["UID", "sdysg"], ["created_at", Sat, 28 Sep 2013 12:43:16 UTC +00:00], ["group_id", 1], ["name", "test"], ["surname", "bla"], ["updated_at", Sat, 28 Sep 2013 12:43:16 UTC +00:00]]
  [1m[35m (1.7ms)[0m  commit transaction
  [1m[36m (0.0ms)[0m  [1mbegin transaction[0m
  [1m[35m (0.0ms)[0m  commit transaction
Completed 201 Created in 27ms (Views: 1.1ms | ActiveRecord: 3.5ms)


Started POST "/users" for 127.0.0.1 at 2013-09-28 08:43:36 -0400
Processing by UsersController#create as */*
  Parameters: {"user"=>{"name"=>"test", "surname"=>"bla", "UID"=>"sdysg"}}
  [1m[36m (0.0ms)[0m  [1mbegin transaction[0m
  [1m[35mSQL (0.5ms)[0m  INSERT INTO "users" ("UID", "created_at", "group_id", "name", "surname", "updated_at") VALUES (?, ?, ?, ?, ?, ?)  [["UID", "sdysg"], ["created_at", Sat, 28 Sep 2013 12:43:36 UTC +00:00], ["group_id", nil], ["name", "test"], ["surname", "bla"], ["updated_at", Sat, 28 Sep 2013 12:43:36 UTC +00:00]]
  [1m[36m (1.7ms)[0m  [1mcommit transaction[0m
Completed 201 Created in 22ms (Views: 1.2ms | ActiveRecord: 3.2ms)


Started POST "/users" for 127.0.0.1 at 2013-09-28 08:44:07 -0400
Processing by UsersController#create as */*
  Parameters: {"user"=>{"name"=>"test", "surname"=>"bla", "UID"=>"sdysg"}}
  [1m[35m (0.1ms)[0m  begin transaction
  [1m[36mSQL (0.7ms)[0m  [1mINSERT INTO "groups" ("created_at", "updated_at") VALUES (?, ?)[0m  [["created_at", Sat, 28 Sep 2013 12:44:07 UTC +00:00], ["updated_at", Sat, 28 Sep 2013 12:44:07 UTC +00:00]]
  [1m[35mSQL (0.4ms)[0m  INSERT INTO "users" ("UID", "created_at", "group_id", "name", "surname", "updated_at") VALUES (?, ?, ?, ?, ?, ?)  [["UID", "sdysg"], ["created_at", Sat, 28 Sep 2013 12:44:07 UTC +00:00], ["group_id", 2], ["name", "test"], ["surname", "bla"], ["updated_at", Sat, 28 Sep 2013 12:44:07 UTC +00:00]]
  [1m[36m (1.2ms)[0m  [1mcommit transaction[0m
Completed 201 Created in 44ms (Views: 1.3ms | ActiveRecord: 3.1ms)


Started POST "/users" for 127.0.0.1 at 2013-09-28 08:44:58 -0400
Processing by UsersController#create as */*
  Parameters: {"user"=>{"name"=>"test", "surname"=>"bla", "UID"=>"sdysg"}, "group"=>"1"}
  [1m[35mGroup Load (0.2ms)[0m  SELECT "groups".* FROM "groups" WHERE "groups"."id" = ? LIMIT 1  [["id", "1"]]
  [1m[36m (0.0ms)[0m  [1mbegin transaction[0m
  [1m[35mSQL (0.4ms)[0m  INSERT INTO "users" ("UID", "created_at", "group_id", "name", "surname", "updated_at") VALUES (?, ?, ?, ?, ?, ?)  [["UID", "sdysg"], ["created_at", Sat, 28 Sep 2013 12:44:58 UTC +00:00], ["group_id", 1], ["name", "test"], ["surname", "bla"], ["updated_at", Sat, 28 Sep 2013 12:44:58 UTC +00:00]]
  [1m[36m (2.7ms)[0m  [1mcommit transaction[0m
Completed 201 Created in 23ms (Views: 1.2ms | ActiveRecord: 4.1ms)


Started POST "/tasks" for 127.0.0.1 at 2013-09-28 08:53:22 -0400
Processing by TasksController#create as */*
  Parameters: {"task"=>{"description"=>"blablabla"}, "user"=>"sdysg"}
  [1m[35mUser Load (0.1ms)[0m  SELECT "users".* FROM "users" WHERE "users"."UID" = 'sdysg' LIMIT 1
  [1m[36m (0.1ms)[0m  [1mbegin transaction[0m
  [1m[35mSQL (0.5ms)[0m  INSERT INTO "tasks" ("created_at", "description", "due_date", "status", "updated_at", "user_id") VALUES (?, ?, ?, ?, ?, ?)  [["created_at", Sat, 28 Sep 2013 12:53:22 UTC +00:00], ["description", "blablabla"], ["due_date", nil], ["status", nil], ["updated_at", Sat, 28 Sep 2013 12:53:22 UTC +00:00], ["user_id", 1]]
  [1m[36m (1.4ms)[0m  [1mcommit transaction[0m
Completed 201 Created in 46ms (Views: 1.2ms | ActiveRecord: 2.9ms)


Started POST "/reviews" for 127.0.0.1 at 2013-09-28 08:53:55 -0400
Processing by ReviewsController#create as */*
  Parameters: {"review"=>{"outcome"=>"blablabla"}, "user"=>"sdysg"}
  [1m[35mUser Load (0.1ms)[0m  SELECT "users".* FROM "users" WHERE "users"."UID" = 'sdysg' LIMIT 1
  [1m[36m (0.0ms)[0m  [1mbegin transaction[0m
  [1m[35mSQL (0.4ms)[0m  INSERT INTO "reviews" ("created_at", "outcome", "task_id", "updated_at", "user_id") VALUES (?, ?, ?, ?, ?)  [["created_at", Sat, 28 Sep 2013 12:53:55 UTC +00:00], ["outcome", "blablabla"], ["task_id", nil], ["updated_at", Sat, 28 Sep 2013 12:53:55 UTC +00:00], ["user_id", 1]]
  [1m[36m (2.8ms)[0m  [1mcommit transaction[0m
Completed 201 Created in 16ms (Views: 1.2ms | ActiveRecord: 3.7ms)


Started POST "/items" for 127.0.0.1 at 2013-09-28 08:54:20 -0400
Processing by ItemsController#create as */*
  Parameters: {"item"=>{"description"=>"blablabla"}, "user"=>"sdysg"}
  [1m[35mUser Load (0.1ms)[0m  SELECT "users".* FROM "users" WHERE "users"."UID" = 'sdysg' LIMIT 1
  [1m[36m (0.0ms)[0m  [1mbegin transaction[0m
  [1m[35mSQL (0.4ms)[0m  INSERT INTO "items" ("category", "created_at", "description", "status", "updated_at", "user_id") VALUES (?, ?, ?, ?, ?, ?)  [["category", nil], ["created_at", Sat, 28 Sep 2013 12:54:20 UTC +00:00], ["description", "blablabla"], ["status", nil], ["updated_at", Sat, 28 Sep 2013 12:54:20 UTC +00:00], ["user_id", 1]]
  [1m[36m (1.8ms)[0m  [1mcommit transaction[0m
Completed 201 Created in 15ms (Views: 1.3ms | ActiveRecord: 2.7ms)


Started POST "/items" for 127.0.0.1 at 2013-09-28 08:54:26 -0400
Processing by ItemsController#create as */*
  Parameters: {"item"=>{"description"=>"blablabla"}, "user"=>"sdyfsg"}
  [1m[35mUser Load (0.2ms)[0m  SELECT "users".* FROM "users" WHERE "users"."UID" = 'sdyfsg' LIMIT 1
  [1m[36m (0.0ms)[0m  [1mbegin transaction[0m
  [1m[35mSQL (0.3ms)[0m  INSERT INTO "items" ("category", "created_at", "description", "status", "updated_at", "user_id") VALUES (?, ?, ?, ?, ?, ?)  [["category", nil], ["created_at", Sat, 28 Sep 2013 12:54:26 UTC +00:00], ["description", "blablabla"], ["status", nil], ["updated_at", Sat, 28 Sep 2013 12:54:26 UTC +00:00], ["user_id", nil]]
  [1m[36m (2.1ms)[0m  [1mcommit transaction[0m
Completed 201 Created in 5ms (Views: 0.5ms | ActiveRecord: 2.6ms)


Started GET "/assets/rails.png" for 127.0.0.1 at 2013-09-28 08:55:31 -0400
Served asset /rails.png - 404 Not Found (0ms)

ActionController::RoutingError (No route matches [GET] "/assets/rails.png"):
  actionpack (3.2.13) lib/action_dispatch/middleware/debug_exceptions.rb:21:in `call'
  actionpack (3.2.13) lib/action_dispatch/middleware/show_exceptions.rb:56:in `call'
  railties (3.2.13) lib/rails/rack/logger.rb:32:in `call_app'
  railties (3.2.13) lib/rails/rack/logger.rb:16:in `block in call'
  activesupport (3.2.13) lib/active_support/tagged_logging.rb:22:in `tagged'
  railties (3.2.13) lib/rails/rack/logger.rb:16:in `call'
  actionpack (3.2.13) lib/action_dispatch/middleware/request_id.rb:22:in `call'
  rack (1.4.5) lib/rack/runtime.rb:17:in `call'
  activesupport (3.2.13) lib/active_support/cache/strategy/local_cache.rb:72:in `call'
  rack (1.4.5) lib/rack/lock.rb:15:in `call'
  actionpack (3.2.13) lib/action_dispatch/middleware/static.rb:63:in `call'
  railties (3.2.13) lib/rails/engine.rb:479:in `call'
  railties (3.2.13) lib/rails/application.rb:223:in `call'
  rack (1.4.5) lib/rack/content_length.rb:14:in `call'
  railties (3.2.13) lib/rails/rack/log_tailer.rb:17:in `call'
  rack (1.4.5) lib/rack/handler/webrick.rb:59:in `service'
  /usr/local/rvm/rubies/ruby-1.9.3-p429/lib/ruby/1.9.1/webrick/httpserver.rb:138:in `service'
  /usr/local/rvm/rubies/ruby-1.9.3-p429/lib/ruby/1.9.1/webrick/httpserver.rb:94:in `run'
  /usr/local/rvm/rubies/ruby-1.9.3-p429/lib/ruby/1.9.1/webrick/server.rb:191:in `block in start_thread'


  Rendered /usr/local/rvm/gems/ruby-1.9.3-p429@change-tracker/gems/actionpack-3.2.13/lib/action_dispatch/middleware/templates/rescues/routing_error.erb within rescues/layout (1.0ms)


Started POST "/reviews" for 127.0.0.1 at 2013-09-28 08:57:18 -0400
Processing by ReviewsController#create as */*
  Parameters: {"review"=>{"outcome"=>"blablabla"}, "user"=>"sdysg"}
  [1m[35mUser Load (0.1ms)[0m  SELECT "users".* FROM "users" WHERE "users"."UID" = 'sdysg' LIMIT 1
  [1m[36m (0.0ms)[0m  [1mbegin transaction[0m
  [1m[35m (0.0ms)[0m  rollback transaction
Completed 422 Unprocessable Entity in 28ms (Views: 0.1ms | ActiveRecord: 1.1ms)


Started POST "/reviewsclear" for 127.0.0.1 at 2013-09-28 08:58:39 -0400

ActionController::RoutingError (No route matches [POST] "/reviewsclear"):
  actionpack (3.2.13) lib/action_dispatch/middleware/debug_exceptions.rb:21:in `call'
  actionpack (3.2.13) lib/action_dispatch/middleware/show_exceptions.rb:56:in `call'
  railties (3.2.13) lib/rails/rack/logger.rb:32:in `call_app'
  railties (3.2.13) lib/rails/rack/logger.rb:16:in `block in call'
  activesupport (3.2.13) lib/active_support/tagged_logging.rb:22:in `tagged'
  railties (3.2.13) lib/rails/rack/logger.rb:16:in `call'
  actionpack (3.2.13) lib/action_dispatch/middleware/request_id.rb:22:in `call'
  rack (1.4.5) lib/rack/runtime.rb:17:in `call'
  activesupport (3.2.13) lib/active_support/cache/strategy/local_cache.rb:72:in `call'
  rack (1.4.5) lib/rack/lock.rb:15:in `call'
  actionpack (3.2.13) lib/action_dispatch/middleware/static.rb:63:in `call'
  railties (3.2.13) lib/rails/engine.rb:479:in `call'
  railties (3.2.13) lib/rails/application.rb:223:in `call'
  rack (1.4.5) lib/rack/content_length.rb:14:in `call'
  railties (3.2.13) lib/rails/rack/log_tailer.rb:17:in `call'
  rack (1.4.5) lib/rack/handler/webrick.rb:59:in `service'
  /usr/local/rvm/rubies/ruby-1.9.3-p429/lib/ruby/1.9.1/webrick/httpserver.rb:138:in `service'
  /usr/local/rvm/rubies/ruby-1.9.3-p429/lib/ruby/1.9.1/webrick/httpserver.rb:94:in `run'
  /usr/local/rvm/rubies/ruby-1.9.3-p429/lib/ruby/1.9.1/webrick/server.rb:191:in `block in start_thread'


  Rendered /usr/local/rvm/gems/ruby-1.9.3-p429@change-tracker/gems/actionpack-3.2.13/lib/action_dispatch/middleware/templates/rescues/routing_error.erb within rescues/layout (0.5ms)


Started POST "/reviews" for 127.0.0.1 at 2013-09-28 08:58:54 -0400
Processing by ReviewsController#create as */*
  Parameters: {"review"=>{"outcome"=>"blablabla"}, "user"=>"sdysg", "task"=>"1"}
  [1m[36mUser Load (0.1ms)[0m  [1mSELECT "users".* FROM "users" WHERE "users"."UID" = 'sdysg' LIMIT 1[0m
  [1m[35mTask Load (0.1ms)[0m  SELECT "tasks".* FROM "tasks" WHERE "tasks"."id" = ? LIMIT 1  [["id", "1"]]
  [1m[36m (0.1ms)[0m  [1mbegin transaction[0m
  [1m[35m (0.0ms)[0m  rollback transaction
Completed 422 Unprocessable Entity in 50ms (Views: 0.1ms | ActiveRecord: 1.5ms)


Started POST "/reviews" for 127.0.0.1 at 2013-09-28 08:59:18 -0400
Processing by ReviewsController#create as */*
  Parameters: {"review"=>{"outcome"=>"blablabla"}, "user"=>"sdysg", "task"=>"1"}
  [1m[36mUser Load (0.1ms)[0m  [1mSELECT "users".* FROM "users" WHERE "users"."UID" = 'sdysg' LIMIT 1[0m
  [1m[35mTask Load (0.1ms)[0m  SELECT "tasks".* FROM "tasks" WHERE "tasks"."id" = ? LIMIT 1  [["id", "1"]]
  [1m[36m (0.0ms)[0m  [1mbegin transaction[0m
  [1m[35m (0.0ms)[0m  rollback transaction
Completed 422 Unprocessable Entity in 31ms (Views: 0.1ms | ActiveRecord: 1.4ms)


Started POST "/reviews" for 127.0.0.1 at 2013-09-28 08:59:36 -0400
Processing by ReviewsController#create as */*
  Parameters: {"review"=>{"outcome"=>"blablabla"}, "user"=>"sdysg", "task"=>"1"}
  [1m[36mUser Load (0.1ms)[0m  [1mSELECT "users".* FROM "users" WHERE "users"."UID" = 'sdysg' LIMIT 1[0m
  [1m[35mTask Load (0.1ms)[0m  SELECT "tasks".* FROM "tasks" WHERE "tasks"."id" = ? LIMIT 1  [["id", "1"]]
  [1m[36m (0.0ms)[0m  [1mbegin transaction[0m
  [1m[35mSQL (0.5ms)[0m  INSERT INTO "reviews" ("created_at", "outcome", "task_id", "updated_at", "user_id") VALUES (?, ?, ?, ?, ?)  [["created_at", Sat, 28 Sep 2013 12:59:37 UTC +00:00], ["outcome", "blablabla"], ["task_id", 1], ["updated_at", Sat, 28 Sep 2013 12:59:37 UTC +00:00], ["user_id", 1]]
  [1m[36m (2.7ms)[0m  [1mcommit transaction[0m
Completed 201 Created in 52ms (Views: 1.2ms | ActiveRecord: 4.5ms)


Started PUT "/users/1" for 127.0.0.1 at 2013-09-28 09:13:57 -0400
Processing by UsersController#update as */*
  Parameters: {"group"=>"1", "id"=>"1"}
  [1m[35mUser Load (0.1ms)[0m  SELECT "users".* FROM "users" WHERE "users"."id" = ? LIMIT 1  [["id", "1"]]
  [1m[36mGroup Load (0.1ms)[0m  [1mSELECT "groups".* FROM "groups" WHERE "groups"."id" = ? LIMIT 1[0m  [["id", "1"]]
Completed 204 No Content in 19ms (ActiveRecord: 1.1ms)


Started PUT "/users/1" for 127.0.0.1 at 2013-09-28 09:14:54 -0400
Processing by UsersController#update as */*
  Parameters: {"group"=>"1", "id"=>"1"}
  [1m[35mUser Load (0.1ms)[0m  SELECT "users".* FROM "users" WHERE "users"."id" = ? LIMIT 1  [["id", "1"]]
  [1m[36mGroup Load (0.1ms)[0m  [1mSELECT "groups".* FROM "groups" WHERE "groups"."id" = ? LIMIT 1[0m  [["id", "1"]]
  [1m[35m (0.1ms)[0m  begin transaction
  [1m[36m (0.9ms)[0m  [1mUPDATE "users" SET "group_id" = 1, "updated_at" = '2013-09-28 13:14:54.701167' WHERE "users"."id" = 1[0m
  [1m[35m (2.2ms)[0m  commit transaction
Completed 204 No Content in 43ms (ActiveRecord: 4.4ms)


Started POST "/" for 127.0.0.1 at 2013-09-28 12:51:48 -0400

ActionController::RoutingError (No route matches [POST] "/"):
  actionpack (3.2.13) lib/action_dispatch/middleware/debug_exceptions.rb:21:in `call'
  actionpack (3.2.13) lib/action_dispatch/middleware/show_exceptions.rb:56:in `call'
  railties (3.2.13) lib/rails/rack/logger.rb:32:in `call_app'
  railties (3.2.13) lib/rails/rack/logger.rb:16:in `block in call'
  activesupport (3.2.13) lib/active_support/tagged_logging.rb:22:in `tagged'
  railties (3.2.13) lib/rails/rack/logger.rb:16:in `call'
  actionpack (3.2.13) lib/action_dispatch/middleware/request_id.rb:22:in `call'
  rack (1.4.5) lib/rack/runtime.rb:17:in `call'
  activesupport (3.2.13) lib/active_support/cache/strategy/local_cache.rb:72:in `call'
  rack (1.4.5) lib/rack/lock.rb:15:in `call'
  actionpack (3.2.13) lib/action_dispatch/middleware/static.rb:63:in `call'
  railties (3.2.13) lib/rails/engine.rb:479:in `call'
  railties (3.2.13) lib/rails/application.rb:223:in `call'
  rack (1.4.5) lib/rack/content_length.rb:14:in `call'
  railties (3.2.13) lib/rails/rack/log_tailer.rb:17:in `call'
  rack (1.4.5) lib/rack/handler/webrick.rb:59:in `service'
  /usr/local/rvm/rubies/ruby-1.9.3-p429/lib/ruby/1.9.1/webrick/httpserver.rb:138:in `service'
  /usr/local/rvm/rubies/ruby-1.9.3-p429/lib/ruby/1.9.1/webrick/httpserver.rb:94:in `run'
  /usr/local/rvm/rubies/ruby-1.9.3-p429/lib/ruby/1.9.1/webrick/server.rb:191:in `block in start_thread'


  Rendered /usr/local/rvm/gems/ruby-1.9.3-p429@change-tracker/gems/actionpack-3.2.13/lib/action_dispatch/middleware/templates/rescues/routing_error.erb within rescues/layout (0.5ms)


Started POST "/users" for 127.0.0.1 at 2013-09-28 12:52:04 -0400
Processing by UsersController#create as */*
  Parameters: {"user"=>{"name"=>"Gabriel", "surname"=>"Bezerra", "UID"=>"3ry287r2y3"}}
  [1m[36m (0.1ms)[0m  [1mbegin transaction[0m
  [1m[35mSQL (0.4ms)[0m  INSERT INTO "groups" ("created_at", "updated_at") VALUES (?, ?)  [["created_at", Sat, 28 Sep 2013 16:52:04 UTC +00:00], ["updated_at", Sat, 28 Sep 2013 16:52:04 UTC +00:00]]
  [1m[36mSQL (0.2ms)[0m  [1mINSERT INTO "users" ("UID", "created_at", "group_id", "name", "surname", "updated_at") VALUES (?, ?, ?, ?, ?, ?)[0m  [["UID", "3ry287r2y3"], ["created_at", Sat, 28 Sep 2013 16:52:04 UTC +00:00], ["group_id", 3], ["name", "Gabriel"], ["surname", "Bezerra"], ["updated_at", Sat, 28 Sep 2013 16:52:04 UTC +00:00]]
  [1m[35m (3.0ms)[0m  commit transaction
Completed 201 Created in 8ms (Views: 1.1ms | ActiveRecord: 3.7ms)


Started PUT "/users/7" for 127.0.0.1 at 2013-09-28 12:54:00 -0400
Processing by UsersController#update as */*
  Parameters: {"group"=>"1", "id"=>"7"}
  [1m[36mUser Load (0.1ms)[0m  [1mSELECT "users".* FROM "users" WHERE "users"."id" = ? LIMIT 1[0m  [["id", "7"]]
  [1m[35mGroup Load (0.1ms)[0m  SELECT "groups".* FROM "groups" WHERE "groups"."id" = ? LIMIT 1  [["id", "1"]]
  [1m[36m (0.0ms)[0m  [1mbegin transaction[0m
  [1m[35m (0.3ms)[0m  UPDATE "users" SET "group_id" = 1, "updated_at" = '2013-09-28 16:54:00.079573' WHERE "users"."id" = 7
  [1m[36m (1.6ms)[0m  [1mcommit transaction[0m
Completed 204 No Content in 4ms (ActiveRecord: 2.1ms)


Started PUT "/" for 127.0.0.1 at 2013-09-28 13:06:39 -0400

ActionController::RoutingError (No route matches [PUT] "/"):
  actionpack (3.2.13) lib/action_dispatch/middleware/debug_exceptions.rb:21:in `call'
  actionpack (3.2.13) lib/action_dispatch/middleware/show_exceptions.rb:56:in `call'
  railties (3.2.13) lib/rails/rack/logger.rb:32:in `call_app'
  railties (3.2.13) lib/rails/rack/logger.rb:16:in `block in call'
  activesupport (3.2.13) lib/active_support/tagged_logging.rb:22:in `tagged'
  railties (3.2.13) lib/rails/rack/logger.rb:16:in `call'
  actionpack (3.2.13) lib/action_dispatch/middleware/request_id.rb:22:in `call'
  rack (1.4.5) lib/rack/runtime.rb:17:in `call'
  activesupport (3.2.13) lib/active_support/cache/strategy/local_cache.rb:72:in `call'
  rack (1.4.5) lib/rack/lock.rb:15:in `call'
  actionpack (3.2.13) lib/action_dispatch/middleware/static.rb:63:in `call'
  railties (3.2.13) lib/rails/engine.rb:479:in `call'
  railties (3.2.13) lib/rails/application.rb:223:in `call'
  rack (1.4.5) lib/rack/content_length.rb:14:in `call'
  railties (3.2.13) lib/rails/rack/log_tailer.rb:17:in `call'
  rack (1.4.5) lib/rack/handler/webrick.rb:59:in `service'
  /usr/local/rvm/rubies/ruby-1.9.3-p429/lib/ruby/1.9.1/webrick/httpserver.rb:138:in `service'
  /usr/local/rvm/rubies/ruby-1.9.3-p429/lib/ruby/1.9.1/webrick/httpserver.rb:94:in `run'
  /usr/local/rvm/rubies/ruby-1.9.3-p429/lib/ruby/1.9.1/webrick/server.rb:191:in `block in start_thread'


  Rendered /usr/local/rvm/gems/ruby-1.9.3-p429@change-tracker/gems/actionpack-3.2.13/lib/action_dispatch/middleware/templates/rescues/routing_error.erb within rescues/layout (0.5ms)


Started GET "/assets/rails.png" for 127.0.0.1 at 2013-09-28 14:37:36 -0400
Served asset /rails.png - 404 Not Found (1ms)

ActionController::RoutingError (No route matches [GET] "/assets/rails.png"):
  actionpack (3.2.13) lib/action_dispatch/middleware/debug_exceptions.rb:21:in `call'
  actionpack (3.2.13) lib/action_dispatch/middleware/show_exceptions.rb:56:in `call'
  railties (3.2.13) lib/rails/rack/logger.rb:32:in `call_app'
  railties (3.2.13) lib/rails/rack/logger.rb:16:in `block in call'
  activesupport (3.2.13) lib/active_support/tagged_logging.rb:22:in `tagged'
  railties (3.2.13) lib/rails/rack/logger.rb:16:in `call'
  actionpack (3.2.13) lib/action_dispatch/middleware/request_id.rb:22:in `call'
  rack (1.4.5) lib/rack/runtime.rb:17:in `call'
  activesupport (3.2.13) lib/active_support/cache/strategy/local_cache.rb:72:in `call'
  rack (1.4.5) lib/rack/lock.rb:15:in `call'
  actionpack (3.2.13) lib/action_dispatch/middleware/static.rb:63:in `call'
  railties (3.2.13) lib/rails/engine.rb:479:in `call'
  railties (3.2.13) lib/rails/application.rb:223:in `call'
  rack (1.4.5) lib/rack/content_length.rb:14:in `call'
  railties (3.2.13) lib/rails/rack/log_tailer.rb:17:in `call'
  rack (1.4.5) lib/rack/handler/webrick.rb:59:in `service'
  /usr/local/rvm/rubies/ruby-1.9.3-p429/lib/ruby/1.9.1/webrick/httpserver.rb:138:in `service'
  /usr/local/rvm/rubies/ruby-1.9.3-p429/lib/ruby/1.9.1/webrick/httpserver.rb:94:in `run'
  /usr/local/rvm/rubies/ruby-1.9.3-p429/lib/ruby/1.9.1/webrick/server.rb:191:in `block in start_thread'


  Rendered /usr/local/rvm/gems/ruby-1.9.3-p429@change-tracker/gems/actionpack-3.2.13/lib/action_dispatch/middleware/templates/rescues/routing_error.erb within rescues/layout (0.6ms)
Connecting to database specified by database.yml


Started PUT "/" for 138.51.209.221 at 2013-09-28 15:27:42 -0400

ActionController::RoutingError (No route matches [PUT] "/"):
  actionpack (3.2.13) lib/action_dispatch/middleware/debug_exceptions.rb:21:in `call'
  actionpack (3.2.13) lib/action_dispatch/middleware/show_exceptions.rb:56:in `call'
  railties (3.2.13) lib/rails/rack/logger.rb:32:in `call_app'
  railties (3.2.13) lib/rails/rack/logger.rb:16:in `block in call'
  activesupport (3.2.13) lib/active_support/tagged_logging.rb:22:in `tagged'
  railties (3.2.13) lib/rails/rack/logger.rb:16:in `call'
  actionpack (3.2.13) lib/action_dispatch/middleware/request_id.rb:22:in `call'
  rack (1.4.5) lib/rack/runtime.rb:17:in `call'
  activesupport (3.2.13) lib/active_support/cache/strategy/local_cache.rb:72:in `call'
  rack (1.4.5) lib/rack/lock.rb:15:in `call'
  actionpack (3.2.13) lib/action_dispatch/middleware/static.rb:63:in `call'
  railties (3.2.13) lib/rails/engine.rb:479:in `call'
  railties (3.2.13) lib/rails/application.rb:223:in `call'
  rack (1.4.5) lib/rack/content_length.rb:14:in `call'
  railties (3.2.13) lib/rails/rack/log_tailer.rb:17:in `call'
  rack (1.4.5) lib/rack/handler/webrick.rb:59:in `service'
  /usr/local/rvm/rubies/ruby-1.9.3-p429/lib/ruby/1.9.1/webrick/httpserver.rb:138:in `service'
  /usr/local/rvm/rubies/ruby-1.9.3-p429/lib/ruby/1.9.1/webrick/httpserver.rb:94:in `run'
  /usr/local/rvm/rubies/ruby-1.9.3-p429/lib/ruby/1.9.1/webrick/server.rb:191:in `block in start_thread'


  Rendered /usr/local/rvm/gems/ruby-1.9.3-p429@change-tracker/gems/actionpack-3.2.13/lib/action_dispatch/middleware/templates/rescues/routing_error.erb within rescues/layout (2.4ms)


Started POST "/users" for 138.51.209.127 at 2013-09-28 15:31:44 -0400
Processing by UsersController#create as */*
  Parameters: {"user"=>{"name"=>"Italo"}}
  [1m[36m (0.1ms)[0m  [1mbegin transaction[0m
  [1m[35mSQL (7.3ms)[0m  INSERT INTO "groups" ("created_at", "updated_at") VALUES (?, ?)  [["created_at", Sat, 28 Sep 2013 19:31:44 UTC +00:00], ["updated_at", Sat, 28 Sep 2013 19:31:44 UTC +00:00]]
  [1m[36mSQL (0.3ms)[0m  [1mINSERT INTO "users" ("UID", "created_at", "group_id", "name", "surname", "updated_at") VALUES (?, ?, ?, ?, ?, ?)[0m  [["UID", nil], ["created_at", Sat, 28 Sep 2013 19:31:44 UTC +00:00], ["group_id", 4], ["name", "Italo"], ["surname", nil], ["updated_at", Sat, 28 Sep 2013 19:31:44 UTC +00:00]]
  [1m[35m (1.3ms)[0m  commit transaction
Completed 201 Created in 70ms (Views: 1.3ms | ActiveRecord: 11.5ms)


Started GET "/users/8" for 138.51.209.127 at 2013-09-28 15:32:17 -0400
Processing by UsersController#show as */*
  Parameters: {"id"=>"8"}
  [1m[36mUser Load (0.2ms)[0m  [1mSELECT "users".* FROM "users" WHERE "users"."id" = ? LIMIT 1[0m  [["id", "8"]]
Completed 200 OK in 2ms (Views: 0.6ms | ActiveRecord: 0.2ms)


Started POST "/users" for 127.0.0.1 at 2013-09-28 15:42:19 -0400
Processing by UsersController#create as */*
  Parameters: {"user"=>{"name"=>"Gabriel", "surname"=>"Bezerra", "UID"=>"3ry287r2y3"}}
  [1m[35m (0.1ms)[0m  begin transaction
  [1m[36mSQL (0.4ms)[0m  [1mINSERT INTO "groups" ("created_at", "updated_at") VALUES (?, ?)[0m  [["created_at", Sat, 28 Sep 2013 19:42:19 UTC +00:00], ["updated_at", Sat, 28 Sep 2013 19:42:19 UTC +00:00]]
  [1m[35mSQL (0.2ms)[0m  INSERT INTO "users" ("UID", "created_at", "group_id", "name", "surname", "updated_at") VALUES (?, ?, ?, ?, ?, ?)  [["UID", "3ry287r2y3"], ["created_at", Sat, 28 Sep 2013 19:42:19 UTC +00:00], ["group_id", 5], ["name", "Gabriel"], ["surname", "Bezerra"], ["updated_at", Sat, 28 Sep 2013 19:42:19 UTC +00:00]]
  [1m[36m (2.7ms)[0m  [1mcommit transaction[0m
Completed 201 Created in 6ms (Views: 0.7ms | ActiveRecord: 3.3ms)


Started GET "/users/8" for 138.51.209.127 at 2013-09-28 15:51:07 -0400
Processing by UsersController#show as */*
  Parameters: {"id"=>"8"}
  [1m[35mUser Load (0.1ms)[0m  SELECT "users".* FROM "users" WHERE "users"."id" = ? LIMIT 1  [["id", "8"]]
Completed 200 OK in 1ms (Views: 0.4ms | ActiveRecord: 0.1ms)


Started GET "/users/8" for 138.51.209.127 at 2013-09-28 15:51:13 -0400
Processing by UsersController#show as */*
  Parameters: {"id"=>"8"}
  [1m[36mUser Load (0.1ms)[0m  [1mSELECT "users".* FROM "users" WHERE "users"."id" = ? LIMIT 1[0m  [["id", "8"]]
Completed 200 OK in 1ms (Views: 0.4ms | ActiveRecord: 0.1ms)


Started GET "/assets/rails.png" for 127.0.0.1 at 2013-09-28 16:05:39 -0400
Served asset /rails.png - 404 Not Found (0ms)

ActionController::RoutingError (No route matches [GET] "/assets/rails.png"):
  actionpack (3.2.13) lib/action_dispatch/middleware/debug_exceptions.rb:21:in `call'
  actionpack (3.2.13) lib/action_dispatch/middleware/show_exceptions.rb:56:in `call'
  railties (3.2.13) lib/rails/rack/logger.rb:32:in `call_app'
  railties (3.2.13) lib/rails/rack/logger.rb:16:in `block in call'
  activesupport (3.2.13) lib/active_support/tagged_logging.rb:22:in `tagged'
  railties (3.2.13) lib/rails/rack/logger.rb:16:in `call'
  actionpack (3.2.13) lib/action_dispatch/middleware/request_id.rb:22:in `call'
  rack (1.4.5) lib/rack/runtime.rb:17:in `call'
  activesupport (3.2.13) lib/active_support/cache/strategy/local_cache.rb:72:in `call'
  rack (1.4.5) lib/rack/lock.rb:15:in `call'
  actionpack (3.2.13) lib/action_dispatch/middleware/static.rb:63:in `call'
  railties (3.2.13) lib/rails/engine.rb:479:in `call'
  railties (3.2.13) lib/rails/application.rb:223:in `call'
  rack (1.4.5) lib/rack/content_length.rb:14:in `call'
  railties (3.2.13) lib/rails/rack/log_tailer.rb:17:in `call'
  rack (1.4.5) lib/rack/handler/webrick.rb:59:in `service'
  /usr/local/rvm/rubies/ruby-1.9.3-p429/lib/ruby/1.9.1/webrick/httpserver.rb:138:in `service'
  /usr/local/rvm/rubies/ruby-1.9.3-p429/lib/ruby/1.9.1/webrick/httpserver.rb:94:in `run'
  /usr/local/rvm/rubies/ruby-1.9.3-p429/lib/ruby/1.9.1/webrick/server.rb:191:in `block in start_thread'


  Rendered /usr/local/rvm/gems/ruby-1.9.3-p429@change-tracker/gems/actionpack-3.2.13/lib/action_dispatch/middleware/templates/rescues/routing_error.erb within rescues/layout (0.8ms)
